<?xml version="1.0" encoding="UTF-8"?>
<!-- Generated by org.testng.reporters.JUnitXMLReporter -->
<testsuite hostname="DESKTOP-K09INN5" failures="0" tests="6" name="Test" time="0.031" errors="0" timestamp="1 Apr 2022 22:08:36 GMT">
  <testcase classname="sahelidatta.mavenjavasaheli.MobileTest" name="MobileBrowse" time="0.016"/>
  <testcase classname="sahelidatta.mavenjavasaheli.MobileTest" name="MobileLogin" time="0.0"/>
  <testcase classname="sahelidatta.mavenjavasaheli.SeleniumTest" name="SeleniumBrowse" time="0.0"/>
  <testcase classname="sahelidatta.mavenjavasaheli.SeleniumTest" name="SeleniumLogin" time="0.0"/>
  <testcase classname="sahelidatta.mavenjavasaheli.RestAPITest" name="APIBrowse" time="0.0"/>
  <testcase classname="sahelidatta.mavenjavasaheli.RestAPITest" name="APILogin" time="0.0"/>
</testsuite> <!-- Test -->
