<?xml version="1.0" encoding="UTF-8"?>
<testsuite xmlns:xsi="http://www.w3.org/2001/XMLSchema-instance" xsi:noNamespaceSchemaLocation="https://maven.apache.org/surefire/maven-surefire-plugin/xsd/surefire-test-report-3.0.xsd" version="3.0" name="TestSuite" time="1.234" tests="6" errors="0" skipped="0" failures="0">
  <properties>
[...]
</properties>
  <testcase name="MobileBrowse" classname="sahelidatta.mavenjavasaheli.MobileTest" time="0.016"/>
  <testcase name="MobileLogin" classname="sahelidatta.mavenjavasaheli.MobileTest" time="0"/>
  <testcase name="SeleniumBrowse" classname="sahelidatta.mavenjavasaheli.SeleniumTest" time="0"/>
  <testcase name="SeleniumLogin" classname="sahelidatta.mavenjavasaheli.SeleniumTest" time="0"/>
  <testcase name="APIBrowse" classname="sahelidatta.mavenjavasaheli.RestAPITest" time="0"/>
  <testcase name="APILogin" classname="sahelidatta.mavenjavasaheli.RestAPITest" time="0.015"/>
</testsuite>