<?xml version="1.0" encoding="UTF-8"?>
<testng-results total="6" passed="6" failed="0" skipped="0">
  <reporter-output>
  </reporter-output>
  <suite started-at="2022-04-01T18:08:36Z" name="Suite" finished-at="2022-04-01T18:08:36Z" duration-ms="31">
    <groups>
    </groups>
    <test started-at="2022-04-01T18:08:36Z" name="Test" finished-at="2022-04-01T18:08:36Z" duration-ms="31">
      <class name="sahelidatta.mavenjavasaheli.RestAPITest">
        <test-method signature="APILogin()[pri:0, instance:sahelidatta.mavenjavasaheli.RestAPITest@17fc391b]" started-at="2022-04-01T18:08:36Z" name="APILogin" finished-at="2022-04-01T18:08:36Z" duration-ms="0" status="PASS">
        </test-method> <!-- APILogin -->
        <test-method signature="APIBrowse()[pri:0, instance:sahelidatta.mavenjavasaheli.RestAPITest@17fc391b]" started-at="2022-04-01T18:08:36Z" name="APIBrowse" finished-at="2022-04-01T18:08:36Z" duration-ms="0" status="PASS">
        </test-method> <!-- APIBrowse -->
      </class> <!-- sahelidatta.mavenjavasaheli.RestAPITest -->
      <class name="sahelidatta.mavenjavasaheli.SeleniumTest">
        <test-method signature="SeleniumBrowse()[pri:0, instance:sahelidatta.mavenjavasaheli.SeleniumTest@43df23d3]" started-at="2022-04-01T18:08:36Z" name="SeleniumBrowse" finished-at="2022-04-01T18:08:36Z" duration-ms="0" status="PASS">
        </test-method> <!-- SeleniumBrowse -->
        <test-method signature="SeleniumLogin()[pri:0, instance:sahelidatta.mavenjavasaheli.SeleniumTest@43df23d3]" started-at="2022-04-01T18:08:36Z" name="SeleniumLogin" finished-at="2022-04-01T18:08:36Z" duration-ms="0" status="PASS">
        </test-method> <!-- SeleniumLogin -->
      </class> <!-- sahelidatta.mavenjavasaheli.SeleniumTest -->
      <class name="sahelidatta.mavenjavasaheli.MobileTest">
        <test-method signature="MobileBrowse()[pri:0, instance:sahelidatta.mavenjavasaheli.MobileTest@6d60fe40]" started-at="2022-04-01T18:08:36Z" name="MobileBrowse" finished-at="2022-04-01T18:08:36Z" duration-ms="16" status="PASS">
        </test-method> <!-- MobileBrowse -->
        <test-method signature="MobileLogin()[pri:0, instance:sahelidatta.mavenjavasaheli.MobileTest@6d60fe40]" started-at="2022-04-01T18:08:36Z" name="MobileLogin" finished-at="2022-04-01T18:08:36Z" duration-ms="0" status="PASS">
        </test-method> <!-- MobileLogin -->
      </class> <!-- sahelidatta.mavenjavasaheli.MobileTest -->
    </test> <!-- Test -->
  </suite> <!-- Suite -->
</testng-results>
